[?2004h(base) ]0;lahiru-menik@lahiru-menik-ASUS-EXPERTBOOK: ~/Documents/fyp/e19-4yp-Solve-Issues-In-Large-Code-Repositories/code/retriever[01;32mlahiru-menik@lahiru-menik-ASUS-EXPERTBOOK[00m:[01;34m~/Documents/fyp/e19-4yp-Solve-Issues-In-Large-Code-Repositories/code/retriever[00m$ cp -r django testbed
cp -r django testbed
[?2004lcp: cannot create regular file 'testbed/django/.git/objects/pack/pack-6cea0eff01703ec1a0d80fb742131851c4adbe12.pack': Permission denied
cp: cannot create regular file 'testbed/django/.git/objects/pack/pack-6cea0eff01703ec1a0d80fb742131851c4adbe12.idx': Permission denied
cp: cannot create regular file 'testbed/django/.git/objects/pack/pack-6cea0eff01703ec1a0d80fb742131851c4adbe12.rev': Permission denied
[?2004h(base) ]0;lahiru-menik@lahiru-menik-ASUS-EXPERTBOOK: ~/Documents/fyp/e19-4yp-Solve-Issues-In-Large-Code-Repositories/code/retriever[01;32mlahiru-menik@lahiru-menik-ASUS-EXPERTBOOK[00m:[01;34m~/Documents/fyp/e19-4yp-Solve-Issues-In-Large-Code-Repositories/code/retriever[00m$ docker build -t django_4.1 /tmp/tmpkttufsxx
docker build -t django_4.1 /tmp/tmpkttufsxx
[?2004l[1A[1B[0G[?25l[+] Building 0.0s (0/0)  docker:desktop-linux
[?25h[1A[0G[?25l[+] Building 0.0s (0/0)  docker:desktop-linux
[?25h[1A[0G[?25l[+] Building 0.0s (0/1)                                    docker:desktop-linux
[?25h[1A[0G[?25l[+] Building 0.1s (2/3)                                    docker:desktop-linux
[34m => [internal] load build definition from Dockerfile                       0.1s
[0m[34m => => transferring dockerfile: 255B                                       0.0s
[0m[34m => [internal] load metadata for docker.io/library/swe_py_3.9:latest       0.0s
[0m => [internal] load .dockerignore                                          0.0s
 => => transferring context:                                               0.0s
[?25h[1A[1A[1A[1A[1A[1A[0G[?25l[+] Building 0.2s (5/7)                                    docker:desktop-linux
[34m => [internal] load build definition from Dockerfile                       0.1s
[0m[34m => => transferring dockerfile: 255B                                       0.0s
[0m[34m => [internal] load metadata for docker.io/library/swe_py_3.9:latest       0.0s
[0m[34m => [internal] load .dockerignore                                          0.0s
[0m[34m => => transferring context: 2B                                            0.0s
[0m[34m => CACHED [1/4] FROM docker.io/library/swe_py_3.9:latest                  0.0s
[0m[34m => [2/4] WORKDIR /testbed                                                 0.1s
[0m => [3/4] RUN groupadd --gid 1000 sandbox &&     useradd --uid 1000 --gid  0.0s
[?25h[1A[1A[1A[1A[1A[1A[1A[1A[1A[0G[?25l[+] Building 0.4s (5/7)                                    docker:desktop-linux
[34m => [internal] load build definition from Dockerfile                       0.1s
[0m[34m => => transferring dockerfile: 255B                                       0.0s
[0m[34m => [internal] load metadata for docker.io/library/swe_py_3.9:latest       0.0s
[0m[34m => [internal] load .dockerignore                                          0.0s
[0m[34m => => transferring context: 2B                                            0.0s
[0m[34m => CACHED [1/4] FROM docker.io/library/swe_py_3.9:latest                  0.0s
[0m[34m => [2/4] WORKDIR /testbed                                                 0.1s
[0m => [3/4] RUN groupadd --gid 1000 sandbox &&     useradd --uid 1000 --gid  0.1s
[?25h[1A[1A[1A[1A[1A[1A[1A[1A[1A[0G[?25l[+] Building 0.5s (5/7)                                    docker:desktop-linux
[34m => [internal] load build definition from Dockerfile                       0.1s
[0m[34m => => transferring dockerfile: 255B                                       0.0s
[0m[34m => [internal] load metadata for docker.io/library/swe_py_3.9:latest       0.0s
[0m[34m => [internal] load .dockerignore                                          0.0s
[0m[34m => => transferring context: 2B                                            0.0s
[0m[34m => CACHED [1/4] FROM docker.io/library/swe_py_3.9:latest                  0.0s
[0m[34m => [2/4] WORKDIR /testbed                                                 0.1s
[0m => [3/4] RUN groupadd --gid 1000 sandbox &&     useradd --uid 1000 --gid  0.3s
[?25h[1A[1A[1A[1A[1A[1A[1A[1A[1A[0G[?25l[+] Building 0.7s (5/7)                                    docker:desktop-linux
[34m => [internal] load build definition from Dockerfile                       0.1s
[0m[34m => => transferring dockerfile: 255B                                       0.0s
[0m[34m => [internal] load metadata for docker.io/library/swe_py_3.9:latest       0.0s
[0m[34m => [internal] load .dockerignore                                          0.0s
[0m[34m => => transferring context: 2B                                            0.0s
[0m[34m => CACHED [1/4] FROM docker.io/library/swe_py_3.9:latest                  0.0s
[0m[34m => [2/4] WORKDIR /testbed                                                 0.1s
[0m => [3/4] RUN groupadd --gid 1000 sandbox &&     useradd --uid 1000 --gid  0.4s
[?25h[1A[1A[1A[1A[1A[1A[1A[1A[1A[0G[?25l[+] Building 0.8s (5/7)                                    docker:desktop-linux
[34m => [internal] load build definition from Dockerfile                       0.1s
[0m[34m => => transferring dockerfile: 255B                                       0.0s
[0m[34m => [internal] load metadata for docker.io/library/swe_py_3.9:latest       0.0s
[0m[34m => [internal] load .dockerignore                                          0.0s
[0m[34m => => transferring context: 2B                                            0.0s
[0m[34m => CACHED [1/4] FROM docker.io/library/swe_py_3.9:latest                  0.0s
[0m[34m => [2/4] WORKDIR /testbed                                                 0.1s
[0m => [3/4] RUN groupadd --gid 1000 sandbox &&     useradd --uid 1000 --gid  0.6s
[?25h[1A[1A[1A[1A[1A[1A[1A[1A[1A[0G[?25l[+] Building 1.0s (5/7)                                    docker:desktop-linux
[34m => [internal] load build definition from Dockerfile                       0.1s
[0m[34m => => transferring dockerfile: 255B                                       0.0s
[0m[34m => [internal] load metadata for docker.io/library/swe_py_3.9:latest       0.0s
[0m[34m => [internal] load .dockerignore                                          0.0s
[0m[34m => => transferring context: 2B                                            0.0s
[0m[34m => CACHED [1/4] FROM docker.io/library/swe_py_3.9:latest                  0.0s
[0m[34m => [2/4] WORKDIR /testbed                                                 0.1s
[0m => [3/4] RUN groupadd --gid 1000 sandbox &&     useradd --uid 1000 --gid  0.7s
[?25h[1A[1A[1A[1A[1A[1A[1A[1A[1A[0G[?25l[+] Building 1.0s (6/7)                                    docker:desktop-linux
[34m => [internal] load build definition from Dockerfile                       0.1s
[0m[34m => => transferring dockerfile: 255B                                       0.0s
[0m[34m => [internal] load metadata for docker.io/library/swe_py_3.9:latest       0.0s
[0m[34m => [internal] load .dockerignore                                          0.0s
[0m[34m => => transferring context: 2B                                            0.0s
[0m[34m => CACHED [1/4] FROM docker.io/library/swe_py_3.9:latest                  0.0s
[0m[34m => [2/4] WORKDIR /testbed                                                 0.1s
[0m[34m => [3/4] RUN groupadd --gid 1000 sandbox &&     useradd --uid 1000 --gid  0.8s
[0m[?25h[1A[1A[1A[1A[1A[1A[1A[1A[1A[0G[?25l[+] Building 1.2s (6/7)                                    docker:desktop-linux
[34m => [internal] load build definition from Dockerfile                       0.1s
[0m[34m => => transferring dockerfile: 255B                                       0.0s
[0m[34m => [internal] load metadata for docker.io/library/swe_py_3.9:latest       0.0s
[0m[34m => [internal] load .dockerignore                                          0.0s
[0m[34m => => transferring context: 2B                                            0.0s
[0m[34m => CACHED [1/4] FROM docker.io/library/swe_py_3.9:latest                  0.0s
[0m[34m => [2/4] WORKDIR /testbed                                                 0.1s
[0m[34m => [3/4] RUN groupadd --gid 1000 sandbox &&     useradd --uid 1000 --gid  0.8s
[0m => [4/4] WORKDIR /testbed                                                 0.2s
[?25h[1A[1A[1A[1A[1A[1A[1A[1A[1A[1A[0G[?25l[+] Building 1.2s (7/7)                                    docker:desktop-linux
[34m => [internal] load build definition from Dockerfile                       0.1s
[0m[34m => => transferring dockerfile: 255B                                       0.0s
[0m[34m => [internal] load metadata for docker.io/library/swe_py_3.9:latest       0.0s
[0m[34m => [internal] load .dockerignore                                          0.0s
[0m[34m => => transferring context: 2B                                            0.0s
[0m[34m => CACHED [1/4] FROM docker.io/library/swe_py_3.9:latest                  0.0s
[0m[34m => [2/4] WORKDIR /testbed                                                 0.1s
[0m[34m => [3/4] RUN groupadd --gid 1000 sandbox &&     useradd --uid 1000 --gid  0.8s
[0m[34m => [4/4] WORKDIR /testbed                                                 0.2s
[0m[?25h[1A[1A[1A[1A[1A[1A[1A[1A[1A[1A[0G[?25l[+] Building 1.4s (7/8)                                    docker:desktop-linux
[34m => [internal] load build definition from Dockerfile                       0.1s
[0m[34m => => transferring dockerfile: 255B                                       0.0s
[0m[34m => [internal] load metadata for docker.io/library/swe_py_3.9:latest       0.0s
[0m[34m => [internal] load .dockerignore                                          0.0s
[0m[34m => => transferring context: 2B                                            0.0s
[0m[34m => CACHED [1/4] FROM docker.io/library/swe_py_3.9:latest                  0.0s
[0m[34m => [2/4] WORKDIR /testbed                                                 0.1s
[0m[34m => [3/4] RUN groupadd --gid 1000 sandbox &&     useradd --uid 1000 --gid  0.8s
[0m[34m => [4/4] WORKDIR /testbed                                                 0.2s
[0m => exporting to image                                                     0.2s
 => => exporting layers                                                    0.2s
[?25h[1A[1A[1A[1A[1A[1A[1A[1A[1A[1A[1A[1A[0G[?25l[+] Building 1.4s (7/8)                                    docker:desktop-linux
[34m => [internal] load build definition from Dockerfile                       0.1s
[0m[34m => => transferring dockerfile: 255B                                       0.0s
[0m[34m => [internal] load metadata for docker.io/library/swe_py_3.9:latest       0.0s
[0m[34m => [internal] load .dockerignore                                          0.0s
[0m[34m => => transferring context: 2B                                            0.0s
[0m[34m => CACHED [1/4] FROM docker.io/library/swe_py_3.9:latest                  0.0s
[0m[34m => [2/4] WORKDIR /testbed                                                 0.1s
[0m[34m => [3/4] RUN groupadd --gid 1000 sandbox &&     useradd --uid 1000 --gid  0.8s
[0m[34m => [4/4] WORKDIR /testbed                                                 0.2s
[0m => exporting to image                                                     0.2s
[34m => => exporting layers                                                    0.2s
[0m[?25h[1A[1A[1A[1A[1A[1A[1A[1A[1A[1A[1A[1A[0G[?25l[+] Building 1.6s (8/8)                                    docker:desktop-linux
[34m => [internal] load build definition from Dockerfile                       0.1s
[0m[34m => => transferring dockerfile: 255B                                       0.0s
[0m[34m => [internal] load metadata for docker.io/library/swe_py_3.9:latest       0.0s
[0m[34m => [internal] load .dockerignore                                          0.0s
[0m[34m => => transferring context: 2B                                            0.0s
[0m[34m => CACHED [1/4] FROM docker.io/library/swe_py_3.9:latest                  0.0s
[0m[34m => [2/4] WORKDIR /testbed                                                 0.1s
[0m[34m => [3/4] RUN groupadd --gid 1000 sandbox &&     useradd --uid 1000 --gid  0.8s
[0m[34m => [4/4] WORKDIR /testbed                                                 0.2s
[0m[34m => exporting to image                                                     0.3s
[0m[34m => => exporting layers                                                    0.2s
[0m[34m => => writing image sha256:926c47e5d4ce42b6504668b17d97a8e5432aa0905ebdb  0.0s
[0m[34m => => naming to docker.io/library/django_4.1                              0.0s
[0m[?25h[1A[1A[1A[1A[1A[1A[1A[1A[1A[1A[1A[1A[1A[1A[0G[?25l[+] Building 1.8s (8/8)                                    docker:desktop-linux
[34m => [internal] load build definition from Dockerfile                       0.1s
[0m[34m => => transferring dockerfile: 255B                                       0.0s
[0m[34m => [internal] load metadata for docker.io/library/swe_py_3.9:latest       0.0s
[0m[34m => [internal] load .dockerignore                                          0.0s
[0m[34m => => transferring context: 2B                                            0.0s
[0m[34m => CACHED [1/4] FROM docker.io/library/swe_py_3.9:latest                  0.0s
[0m[34m => [2/4] WORKDIR /testbed                                                 0.1s
[0m[34m => [3/4] RUN groupadd --gid 1000 sandbox &&     useradd --uid 1000 --gid  0.8s
[0m[34m => [4/4] WORKDIR /testbed                                                 0.2s
[0m[34m => exporting to image                                                     0.3s
[0m[34m => => exporting layers                                                    0.2s
[0m[34m => => writing image sha256:926c47e5d4ce42b6504668b17d97a8e5432aa0905ebdb  0.0s
[0m[34m => => naming to docker.io/library/django_4.1                              0.0s
[0m[?25h[1A[1A[1A[1A[1A[1A[1A[1A[1A[1A[1A[1A[1A[1A[0G[?25l[+] Building 1.9s (8/8)                                    docker:desktop-linux
[34m => [internal] load build definition from Dockerfile                       0.1s
[0m[34m => => transferring dockerfile: 255B                                       0.0s
[0m[34m => [internal] load metadata for docker.io/library/swe_py_3.9:latest       0.0s
[0m[34m => [internal] load .dockerignore                                          0.0s
[0m[34m => => transferring context: 2B                                            0.0s
[0m[34m => CACHED [1/4] FROM docker.io/library/swe_py_3.9:latest                  0.0s
[0m[34m => [2/4] WORKDIR /testbed                                                 0.1s
[0m[34m => [3/4] RUN groupadd --gid 1000 sandbox &&     useradd --uid 1000 --gid  0.8s
[0m[34m => [4/4] WORKDIR /testbed                                                 0.2s
[0m[34m => exporting to image                                                     0.3s
[0m[34m => => exporting layers                                                    0.2s
[0m[34m => => writing image sha256:926c47e5d4ce42b6504668b17d97a8e5432aa0905ebdb  0.0s
[0m[34m => => naming to docker.io/library/django_4.1                              0.0s
[0m[?25h[1A[1A[1A[1A[1A[1A[1A[1A[1A[1A[1A[1A[1A[1A[0G[?25l[+] Building 2.0s (8/8) FINISHED                           docker:desktop-linux
[34m => [internal] load build definition from Dockerfile                       0.1s
[0m[34m => => transferring dockerfile: 255B                                       0.0s
[0m[34m => [internal] load metadata for docker.io/library/swe_py_3.9:latest       0.0s
[0m[34m => [internal] load .dockerignore                                          0.0s
[0m[34m => => transferring context: 2B                                            0.0s
[0m[34m => CACHED [1/4] FROM docker.io/library/swe_py_3.9:latest                  0.0s
[0m[34m => [2/4] WORKDIR /testbed                                                 0.1s
[0m[34m => [3/4] RUN groupadd --gid 1000 sandbox &&     useradd --uid 1000 --gid  0.8s
[0m[34m => [4/4] WORKDIR /testbed                                                 0.2s
[0m[34m => exporting to image                                                     0.3s
[0m[34m => => exporting layers                                                    0.2s
[0m[34m => => writing image sha256:926c47e5d4ce42b6504668b17d97a8e5432aa0905ebdb  0.0s
[0m[34m => => naming to docker.io/library/django_4.1                              0.0s
[0m[?25h
View build details: ]8;;docker-desktop://dashboard/build/desktop-linux/desktop-linux/xhggzaszfhlsxmaeodh5uta3t\docker-desktop://dashboard/build/desktop-linux/desktop-linux/xhggzaszfhlsxmaeodh5uta3t]8;;\
[?2004h(base) ]0;lahiru-menik@lahiru-menik-ASUS-EXPERTBOOK: ~/Documents/fyp/e19-4yp-Solve-Issues-In-Large-Code-Repositories/code/retriever[01;32mlahiru-menik@lahiru-menik-ASUS-EXPERTBOOK[00m:[01;34m~/Documents/fyp/e19-4yp-Solve-Issues-In-Large-Code-Repositories/code/retriever[00m$ exit
